<?xml version="1.0" encoding="UTF-8"?>
<testsuite name="I as a user of the system," tests="2" skipped="0" failures="0" errors="0" timestamp="2020-09-07T14:29:28" hostname="LENOVO" time="57.723">
  <properties/>
  <testcase name="contract credit card" classname="I as a user of the system," time="32.017"/>
  <testcase name="banistmo app" classname="I as a user of the system," time="25.69"/>
  <system-out><![CDATA[]]></system-out>
  <system-err><![CDATA[sep 07, 2020 9:29:29 AM org.openqa.selenium.remote.DesiredCapabilities chrome
INFORMACIÓN: Using `new ChromeOptions()` is preferred to `DesiredCapabilities.chrome()`
Starting ChromeDriver 84.0.4147.30 (48b3e868b4cc0aa7e8149519690b6f6949e110a8-refs/branch-heads/4147@{#310}) on port 5122
Only local connections are allowed.
Please see https://chromedriver.chromium.org/security-considerations for suggestions on keeping ChromeDriver safe.
ChromeDriver was started successfully.
[1599488973.766][WARNING]: This version of ChromeDriver has not been tested with Chrome version 85.
sep 07, 2020 9:29:36 AM org.openqa.selenium.remote.ProtocolHandshake createSession
INFORMACIÓN: Detected dialect: W3C
sep 07, 2020 9:30:00 AM org.openqa.selenium.remote.DesiredCapabilities chrome
INFORMACIÓN: Using `new ChromeOptions()` is preferred to `DesiredCapabilities.chrome()`
Starting ChromeDriver 84.0.4147.30 (48b3e868b4cc0aa7e8149519690b6f6949e110a8-refs/branch-heads/4147@{#310}) on port 34904
Only local connections are allowed.
Please see https://chromedriver.chromium.org/security-considerations for suggestions on keeping ChromeDriver safe.
ChromeDriver was started successfully.
[1599489004.393][WARNING]: This version of ChromeDriver has not been tested with Chrome version 85.
sep 07, 2020 9:30:06 AM org.openqa.selenium.remote.ProtocolHandshake createSession
INFORMACIÓN: Detected dialect: W3C
]]></system-err>
</testsuite>
